/home/ppo208/anaconda3/lib/python3.6/site-packages/skimage/transform/_warps.py:105: UserWarning: The default mode, 'constant', will be changed to 'reflect' in skimage 0.15.
  warn("The default mode, 'constant', will be changed to 'reflect' in "
/home/ppo208/anaconda3/lib/python3.6/site-packages/skimage/transform/_warps.py:110: UserWarning: Anti-aliasing will be enabled by default in skimage 0.15 to avoid aliasing artifacts when down-sampling images.
  warn("Anti-aliasing will be enabled by default in skimage 0.15 to "
/home/ppo208/anaconda3/lib/python3.6/site-packages/skimage/transform/_warps.py:105: UserWarning: The default mode, 'constant', will be changed to 'reflect' in skimage 0.15.
  warn("The default mode, 'constant', will be changed to 'reflect' in "
/home/ppo208/anaconda3/lib/python3.6/site-packages/skimage/transform/_warps.py:110: UserWarning: Anti-aliasing will be enabled by default in skimage 0.15 to avoid aliasing artifacts when down-sampling images.
  warn("Anti-aliasing will be enabled by default in skimage 0.15 to "
/home/ppo208/anaconda3/lib/python3.6/site-packages/skimage/transform/_warps.py:105: UserWarning: The default mode, 'constant', will be changed to 'reflect' in skimage 0.15.
  warn("The default mode, 'constant', will be changed to 'reflect' in "
/home/ppo208/anaconda3/lib/python3.6/site-packages/skimage/transform/_warps.py:110: UserWarning: Anti-aliasing will be enabled by default in skimage 0.15 to avoid aliasing artifacts when down-sampling images.
  warn("Anti-aliasing will be enabled by default in skimage 0.15 to "
/home/ppo208/anaconda3/lib/python3.6/site-packages/skimage/transform/_warps.py:105: UserWarning: The default mode, 'constant', will be changed to 'reflect' in skimage 0.15.
  warn("The default mode, 'constant', will be changed to 'reflect' in "
/home/ppo208/anaconda3/lib/python3.6/site-packages/skimage/transform/_warps.py:110: UserWarning: Anti-aliasing will be enabled by default in skimage 0.15 to avoid aliasing artifacts when down-sampling images.
  warn("Anti-aliasing will be enabled by default in skimage 0.15 to "
/home/ppo208/anaconda3/lib/python3.6/site-packages/skimage/transform/_warps.py:105: UserWarning: The default mode, 'constant', will be changed to 'reflect' in skimage 0.15.
  warn("The default mode, 'constant', will be changed to 'reflect' in "
/home/ppo208/anaconda3/lib/python3.6/site-packages/skimage/transform/_warps.py:110: UserWarning: Anti-aliasing will be enabled by default in skimage 0.15 to avoid aliasing artifacts when down-sampling images.
  warn("Anti-aliasing will be enabled by default in skimage 0.15 to "
/home/ppo208/anaconda3/lib/python3.6/site-packages/skimage/transform/_warps.py:105: UserWarning: The default mode, 'constant', will be changed to 'reflect' in skimage 0.15.
  warn("The default mode, 'constant', will be changed to 'reflect' in "
/home/ppo208/anaconda3/lib/python3.6/site-packages/skimage/transform/_warps.py:110: UserWarning: Anti-aliasing will be enabled by default in skimage 0.15 to avoid aliasing artifacts when down-sampling images.
  warn("Anti-aliasing will be enabled by default in skimage 0.15 to "
Epoch = 0, batch = 0, Loss = 0.7, Precision@1 0.01, Precision@3 0.04. 

Epoch = 0, batch = 1, Loss = 0.7, Precision@1 0.02, Precision@3 0.06. 

Epoch = 0, batch = 2, Loss = 0.7, Precision@1 0.04, Precision@3 0.06. 

Epoch = 0, batch = 3, Loss = 0.69, Precision@1 0.05, Precision@3 0.05. 

Epoch = 0, batch = 4, Loss = 0.69, Precision@1 0.06, Precision@3 0.07. 

Epoch = 0, batch = 5, Loss = 0.69, Precision@1 0.05, Precision@3 0.08. 

Epoch = 0, batch = 6, Loss = 0.69, Precision@1 0.1, Precision@3 0.12. 

Epoch = 0, batch = 7, Loss = 0.69, Precision@1 0.06, Precision@3 0.12. 

Epoch = 0, batch = 8, Loss = 0.68, Precision@1 0.21, Precision@3 0.29. 

Epoch = 0, batch = 9, Loss = 0.68, Precision@1 0.37, Precision@3 0.4. 

Epoch = 0, batch = 10, Loss = 0.68, Precision@1 0.78, Precision@3 0.41. 

Epoch = 0, batch = 11, Loss = 0.67, Precision@1 0.92, Precision@3 0.4. 

Epoch = 0, batch = 12, Loss = 0.67, Precision@1 0.92, Precision@3 0.4. 

Epoch = 0, batch = 13, Loss = 0.66, Precision@1 0.94, Precision@3 0.43. 

Epoch = 0, batch = 14, Loss = 0.66, Precision@1 0.92, Precision@3 0.5. 

Epoch = 0, batch = 15, Loss = 0.65, Precision@1 0.95, Precision@3 0.58. 

Epoch = 0, batch = 16, Loss = 0.65, Precision@1 0.94, Precision@3 0.6. 

Epoch = 0, batch = 17, Loss = 0.64, Precision@1 0.93, Precision@3 0.6. 

Epoch = 0, batch = 18, Loss = 0.63, Precision@1 0.93, Precision@3 0.61. 

Epoch = 0, batch = 19, Loss = 0.62, Precision@1 0.94, Precision@3 0.65. 

Epoch = 0, batch = 20, Loss = 0.62, Precision@1 0.94, Precision@3 0.65. 

Epoch = 0, batch = 21, Loss = 0.6, Precision@1 0.94, Precision@3 0.67. 

Epoch = 0, batch = 22, Loss = 0.59, Precision@1 0.9, Precision@3 0.63. 

Epoch = 0, batch = 23, Loss = 0.57, Precision@1 0.92, Precision@3 0.64. 

Epoch = 0, batch = 24, Loss = 0.56, Precision@1 0.95, Precision@3 0.63. 

Epoch = 0, batch = 25, Loss = 0.54, Precision@1 0.92, Precision@3 0.63. 

Epoch = 0, batch = 26, Loss = 0.52, Precision@1 0.93, Precision@3 0.64. 

Epoch = 0, batch = 27, Loss = 0.49, Precision@1 0.95, Precision@3 0.64. 

Epoch = 0, batch = 28, Loss = 0.46, Precision@1 0.92, Precision@3 0.63. 

Epoch = 0, batch = 29, Loss = 0.43, Precision@1 0.9, Precision@3 0.63. 

Epoch = 0, batch = 30, Loss = 0.4, Precision@1 0.9, Precision@3 0.63. 

Epoch = 0, batch = 31, Loss = 0.37, Precision@1 0.92, Precision@3 0.64. 

Epoch = 0, batch = 32, Loss = 0.35, Precision@1 0.91, Precision@3 0.61. 

Epoch = 0, batch = 33, Loss = 0.32, Precision@1 0.96, Precision@3 0.67. 

Epoch = 0, batch = 34, Loss = 0.31, Precision@1 0.95, Precision@3 0.65. 

Epoch = 0, batch = 35, Loss = 0.31, Precision@1 0.94, Precision@3 0.63. 

Epoch = 0, batch = 36, Loss = 0.32, Precision@1 0.91, Precision@3 0.65. 

Epoch = 0, batch = 37, Loss = 0.32, Precision@1 0.91, Precision@3 0.62. 

Epoch = 0, batch = 38, Loss = 0.31, Precision@1 0.96, Precision@3 0.63. 

Epoch = 0, batch = 39, Loss = 0.35, Precision@1 0.88, Precision@3 0.63. 

Epoch = 0, batch = 40, Loss = 0.32, Precision@1 0.91, Precision@3 0.63. 

Epoch = 0, batch = 41, Loss = 0.32, Precision@1 0.93, Precision@3 0.66. 

Epoch = 0, batch = 42, Loss = 0.3, Precision@1 0.93, Precision@3 0.65. 

Epoch = 0, batch = 43, Loss = 0.31, Precision@1 0.94, Precision@3 0.66. 

Epoch = 0, batch = 44, Loss = 0.32, Precision@1 0.93, Precision@3 0.65. 

Epoch = 0, batch = 45, Loss = 0.29, Precision@1 0.94, Precision@3 0.66. 

Epoch = 0, batch = 46, Loss = 0.31, Precision@1 0.88, Precision@3 0.61. 

Epoch = 0, batch = 47, Loss = 0.29, Precision@1 0.94, Precision@3 0.64. 

Epoch = 0, batch = 48, Loss = 0.31, Precision@1 0.92, Precision@3 0.67. 

Epoch = 0, batch = 49, Loss = 0.29, Precision@1 0.95, Precision@3 0.68. 

Epoch = 0, batch = 50, Loss = 0.29, Precision@1 0.91, Precision@3 0.63. 

Epoch = 0, batch = 51, Loss = 0.29, Precision@1 0.93, Precision@3 0.65. 

Epoch = 0, batch = 52, Loss = 0.29, Precision@1 0.91, Precision@3 0.65. 

Epoch = 0, batch = 53, Loss = 0.28, Precision@1 0.96, Precision@3 0.67. 

Epoch = 0, batch = 54, Loss = 0.28, Precision@1 0.96, Precision@3 0.66. 

Epoch = 0, batch = 55, Loss = 0.28, Precision@1 0.92, Precision@3 0.64. 

Epoch = 0, batch = 56, Loss = 0.26, Precision@1 0.92, Precision@3 0.65. 

Epoch = 0, batch = 57, Loss = 0.28, Precision@1 0.94, Precision@3 0.66. 

Epoch = 0, batch = 58, Loss = 0.28, Precision@1 0.93, Precision@3 0.66. 

Epoch = 0, batch = 59, Loss = 0.29, Precision@1 0.94, Precision@3 0.66. 

Epoch = 0, batch = 60, Loss = 0.28, Precision@1 0.93, Precision@3 0.66. 

Epoch = 0, batch = 61, Loss = 0.29, Precision@1 0.92, Precision@3 0.65. 

Epoch = 0, batch = 62, Loss = 0.28, Precision@1 0.91, Precision@3 0.64. 

Epoch = 0, batch = 63, Loss = 0.28, Precision@1 0.93, Precision@3 0.64. 

Epoch = 0, batch = 64, Loss = 0.3, Precision@1 0.9, Precision@3 0.62. 

Epoch = 0, batch = 65, Loss = 0.28, Precision@1 0.93, Precision@3 0.64. 

Epoch = 0, batch = 66, Loss = 0.28, Precision@1 0.94, Precision@3 0.66. 

Epoch = 0, batch = 67, Loss = 0.28, Precision@1 0.92, Precision@3 0.65. 

Epoch = 0, batch = 68, Loss = 0.27, Precision@1 0.95, Precision@3 0.65. 

Epoch = 0, batch = 69, Loss = 0.28, Precision@1 0.94, Precision@3 0.64. 

Epoch = 0, batch = 70, Loss = 0.28, Precision@1 0.92, Precision@3 0.68. 

Epoch = 0, batch = 71, Loss = 0.28, Precision@1 0.93, Precision@3 0.63. 

Epoch = 0, batch = 72, Loss = 0.28, Precision@1 0.93, Precision@3 0.66. 

Epoch = 0, batch = 73, Loss = 0.27, Precision@1 0.94, Precision@3 0.67. 

Epoch = 0, batch = 74, Loss = 0.27, Precision@1 0.96, Precision@3 0.68. 

Epoch = 0, batch = 75, Loss = 0.28, Precision@1 0.93, Precision@3 0.67. 

Epoch = 0, batch = 76, Loss = 0.27, Precision@1 0.95, Precision@3 0.65. 

Epoch = 0, batch = 77, Loss = 0.3, Precision@1 0.9, Precision@3 0.63. 

Epoch = 0, batch = 78, Loss = 0.28, Precision@1 0.91, Precision@3 0.66. 

Epoch = 0, batch = 79, Loss = 0.28, Precision@1 0.9, Precision@3 0.63. 

Epoch = 0, batch = 80, Loss = 0.28, Precision@1 0.92, Precision@3 0.64. 

Epoch = 0, batch = 81, Loss = 0.3, Precision@1 0.9, Precision@3 0.63. 

Epoch = 0, batch = 82, Loss = 0.27, Precision@1 0.9, Precision@3 0.63. 

Epoch = 0, batch = 83, Loss = 0.3, Precision@1 0.93, Precision@3 0.64. 

Epoch = 0, batch = 84, Loss = 0.27, Precision@1 0.94, Precision@3 0.64. 

Epoch = 0, batch = 85, Loss = 0.28, Precision@1 0.9, Precision@3 0.67. 

Epoch = 0, batch = 86, Loss = 0.27, Precision@1 0.94, Precision@3 0.66. 

Epoch = 0, batch = 87, Loss = 0.27, Precision@1 0.95, Precision@3 0.67. 

Epoch = 0, batch = 88, Loss = 0.27, Precision@1 0.92, Precision@3 0.63. 

Epoch = 0, batch = 89, Loss = 0.29, Precision@1 0.94, Precision@3 0.63. 

Epoch = 0, batch = 90, Loss = 0.28, Precision@1 0.92, Precision@3 0.64. 

Epoch = 0, batch = 91, Loss = 0.29, Precision@1 0.92, Precision@3 0.65. 

Epoch = 0, batch = 92, Loss = 0.28, Precision@1 0.92, Precision@3 0.61. 

Epoch = 0, batch = 93, Loss = 0.27, Precision@1 0.92, Precision@3 0.61. 

Epoch = 0, batch = 94, Loss = 0.28, Precision@1 0.94, Precision@3 0.64. 

Epoch = 0, batch = 95, Loss = 0.27, Precision@1 0.94, Precision@3 0.64. 

Epoch = 0, batch = 96, Loss = 0.27, Precision@1 0.92, Precision@3 0.64. 

Epoch = 0, batch = 97, Loss = 0.29, Precision@1 0.9, Precision@3 0.64. 

Epoch = 0, batch = 98, Loss = 0.28, Precision@1 0.94, Precision@3 0.67. 

Epoch = 0, batch = 99, Loss = 0.28, Precision@1 0.9, Precision@3 0.65. 

Epoch = 0, batch = 100, Loss = 0.27, Precision@1 0.92, Precision@3 0.64. 

Epoch = 0, batch = 101, Loss = 0.26, Precision@1 0.93, Precision@3 0.63. 

Epoch = 0, batch = 102, Loss = 0.27, Precision@1 0.9, Precision@3 0.63. 

Epoch = 0, batch = 103, Loss = 0.26, Precision@1 0.93, Precision@3 0.67. 

Epoch = 0, batch = 104, Loss = 0.27, Precision@1 0.92, Precision@3 0.62. 

Epoch = 0, batch = 105, Loss = 0.27, Precision@1 0.93, Precision@3 0.65. 

Epoch = 0, batch = 106, Loss = 0.28, Precision@1 0.9, Precision@3 0.63. 

Epoch = 0, batch = 107, Loss = 0.27, Precision@1 0.93, Precision@3 0.65. 

Epoch = 0, batch = 108, Loss = 0.29, Precision@1 0.9, Precision@3 0.63. 

Epoch = 0, batch = 109, Loss = 0.26, Precision@1 0.94, Precision@3 0.64. 

Epoch = 0, batch = 110, Loss = 0.28, Precision@1 0.9, Precision@3 0.65. 

Epoch = 0, batch = 111, Loss = 0.28, Precision@1 0.92, Precision@3 0.63. 

Epoch = 0, batch = 112, Loss = 0.28, Precision@1 0.92, Precision@3 0.61. 

Epoch = 0, batch = 113, Loss = 0.27, Precision@1 0.94, Precision@3 0.68. 

Epoch = 0, batch = 114, Loss = 0.27, Precision@1 0.93, Precision@3 0.62. 

Epoch = 0, batch = 115, Loss = 0.27, Precision@1 0.92, Precision@3 0.65. 

Epoch = 0, batch = 116, Loss = 0.27, Precision@1 0.94, Precision@3 0.65. 

Epoch = 0, batch = 117, Loss = 0.27, Precision@1 0.95, Precision@3 0.68. 

Epoch = 0, batch = 118, Loss = 0.27, Precision@1 0.95, Precision@3 0.68. 

Epoch = 0, batch = 119, Loss = 0.26, Precision@1 0.94, Precision@3 0.66. 

slurmstepd: error: *** JOB 127243 ON c99-07 CANCELLED AT 2019-03-23T17:52:23 ***
